<?xml version="1.0" encoding="UTF-8"?>
<!-- Generated by org.testng.reporters.JUnitXMLReporter -->
<testsuite ignored="0" hostname="Pedas-MacBook-Air.local" failures="0" tests="3" name="Default test" time="15.182" errors="0" timestamp="01 Nov 2021 23:53:56 GMT">
  <testcase classname="com.googleTranslate.testcases.GoogleTranslatetestCases" name="verifyTranslationLanguage" time="4.853"/>
  <testcase classname="com.googleTranslate.testcases.GoogleTranslatetestCases" name="verfiySwap" time="2.181"/>
  <testcase classname="com.googleTranslate.testcases.GoogleTranslatetestCases" name="verifyKeyBoardInput" time="3.4"/>
</testsuite> <!-- Default test -->
