<?xml version="1.0" encoding="UTF-8"?>
<testng-results ignored="0" total="3" passed="3" failed="0" skipped="0">
  <reporter-output>
  </reporter-output>
  <suite started-at="2021-11-01T23:53:41Z" name="Default suite" finished-at="2021-11-01T23:53:56Z" duration-ms="15182">
    <groups>
    </groups>
    <test started-at="2021-11-01T23:53:41Z" name="Default test" finished-at="2021-11-01T23:53:56Z" duration-ms="15182">
      <class name="com.googleTranslate.testcases.GoogleTranslatetestCases">
        <test-method is-config="true" signature="setUp()[pri:0, instance:com.googleTranslate.testcases.GoogleTranslatetestCases@327af41b]" started-at="2021-11-01T16:53:41Z" name="setUp" finished-at="2021-11-01T16:53:45Z" duration-ms="4067" status="PASS">
          <reporter-output>
          </reporter-output>
        </test-method> <!-- setUp -->
        <test-method signature="verifyTranslationLanguage(java.lang.String, java.lang.String, java.lang.String, java.lang.String)[pri:1, instance:com.googleTranslate.testcases.GoogleTranslatetestCases@327af41b]" started-at="2021-11-01T16:53:45Z" name="verifyTranslationLanguage" data-provider="getGoogleTranslateTestData" finished-at="2021-11-01T16:53:50Z" duration-ms="4853" status="PASS">
          <params>
            <param index="0">
              <value>
                <![CDATA[English]]>
              </value>
            </param>
            <param index="1">
              <value>
                <![CDATA[French]]>
              </value>
            </param>
            <param index="2">
              <value>
                <![CDATA[Hello]]>
              </value>
            </param>
            <param index="3">
              <value>
                <![CDATA[Bonjour]]>
              </value>
            </param>
          </params>
          <reporter-output>
          </reporter-output>
        </test-method> <!-- verifyTranslationLanguage -->
        <test-method signature="verfiySwap()[pri:2, instance:com.googleTranslate.testcases.GoogleTranslatetestCases@327af41b]" started-at="2021-11-01T16:53:50Z" name="verfiySwap" finished-at="2021-11-01T16:53:52Z" duration-ms="2181" status="PASS">
          <reporter-output>
          </reporter-output>
        </test-method> <!-- verfiySwap -->
        <test-method signature="verifyKeyBoardInput()[pri:3, instance:com.googleTranslate.testcases.GoogleTranslatetestCases@327af41b]" started-at="2021-11-01T16:53:52Z" name="verifyKeyBoardInput" finished-at="2021-11-01T16:53:56Z" duration-ms="3400" status="PASS">
          <reporter-output>
          </reporter-output>
        </test-method> <!-- verifyKeyBoardInput -->
        <test-method is-config="true" signature="close()[pri:0, instance:com.googleTranslate.testcases.GoogleTranslatetestCases@327af41b]" started-at="2021-11-01T16:53:56Z" name="close" finished-at="2021-11-01T16:53:56Z" duration-ms="95" status="PASS">
          <reporter-output>
          </reporter-output>
        </test-method> <!-- close -->
      </class> <!-- com.googleTranslate.testcases.GoogleTranslatetestCases -->
    </test> <!-- Default test -->
  </suite> <!-- Default suite -->
</testng-results>
